mode: set
github.com/talkincode/toughradius/v9/internal/netflow/collector.go:74.68,75.19 1 1
github.com/talkincode/toughradius/v9/internal/netflow/collector.go:75.19,77.3 1 0
github.com/talkincode/toughradius/v9/internal/netflow/collector.go:78.2,78.28 1 1
github.com/talkincode/toughradius/v9/internal/netflow/collector.go:78.28,80.3 1 1
github.com/talkincode/toughradius/v9/internal/netflow/collector.go:81.2,81.27 1 1
github.com/talkincode/toughradius/v9/internal/netflow/collector.go:81.27,83.3 1 1
github.com/talkincode/toughradius/v9/internal/netflow/collector.go:84.2,84.30 1 1
github.com/talkincode/toughradius/v9/internal/netflow/collector.go:84.30,86.3 1 1
github.com/talkincode/toughradius/v9/internal/netflow/collector.go:87.2,87.29 1 1
github.com/talkincode/toughradius/v9/internal/netflow/collector.go:87.29,89.3 1 1
github.com/talkincode/toughradius/v9/internal/netflow/collector.go:91.2,98.3 1 1
github.com/talkincode/toughradius/v9/internal/netflow/collector.go:102.54,105.16 2 0
github.com/talkincode/toughradius/v9/internal/netflow/collector.go:105.16,107.3 1 0
github.com/talkincode/toughradius/v9/internal/netflow/collector.go:109.2,110.16 2 0
github.com/talkincode/toughradius/v9/internal/netflow/collector.go:110.16,112.3 1 0
github.com/talkincode/toughradius/v9/internal/netflow/collector.go:113.2,126.21 8 0
github.com/talkincode/toughradius/v9/internal/netflow/collector.go:130.38,134.19 3 1
github.com/talkincode/toughradius/v9/internal/netflow/collector.go:134.19,136.3 1 0
github.com/talkincode/toughradius/v9/internal/netflow/collector.go:138.2,139.12 2 1
github.com/talkincode/toughradius/v9/internal/netflow/collector.go:143.89,144.22 1 1
github.com/talkincode/toughradius/v9/internal/netflow/collector.go:144.22,146.3 1 0
github.com/talkincode/toughradius/v9/internal/netflow/collector.go:148.2,152.8 4 1
github.com/talkincode/toughradius/v9/internal/netflow/collector.go:156.63,158.22 1 1
github.com/talkincode/toughradius/v9/internal/netflow/collector.go:158.22,160.3 1 1
github.com/talkincode/toughradius/v9/internal/netflow/collector.go:162.2,163.18 2 1
github.com/talkincode/toughradius/v9/internal/netflow/collector.go:163.18,165.3 1 1
github.com/talkincode/toughradius/v9/internal/netflow/collector.go:168.2,179.60 8 1
github.com/talkincode/toughradius/v9/internal/netflow/collector.go:179.60,180.29 1 1
github.com/talkincode/toughradius/v9/internal/netflow/collector.go:180.29,181.9 1 1
github.com/talkincode/toughradius/v9/internal/netflow/collector.go:185.3,188.46 3 1
github.com/talkincode/toughradius/v9/internal/netflow/collector.go:188.46,189.9 1 1
github.com/talkincode/toughradius/v9/internal/netflow/collector.go:193.3,193.20 1 1
github.com/talkincode/toughradius/v9/internal/netflow/collector.go:194.10,195.82 1 1
github.com/talkincode/toughradius/v9/internal/netflow/collector.go:197.10,197.10 0 1
github.com/talkincode/toughradius/v9/internal/netflow/collector.go:200.12,207.35 2 1
github.com/talkincode/toughradius/v9/internal/netflow/collector.go:207.35,208.12 1 1
github.com/talkincode/toughradius/v9/internal/netflow/collector.go:209.30,210.24 1 1
github.com/talkincode/toughradius/v9/internal/netflow/collector.go:211.13,212.57 1 0
github.com/talkincode/toughradius/v9/internal/netflow/collector.go:216.11,219.42 1 0
github.com/talkincode/toughradius/v9/internal/netflow/collector.go:222.3,222.31 1 1
github.com/talkincode/toughradius/v9/internal/netflow/collector.go:225.2,225.30 1 1
github.com/talkincode/toughradius/v9/internal/netflow/collector.go:229.74,232.25 2 1
github.com/talkincode/toughradius/v9/internal/netflow/collector.go:232.25,233.27 1 1
github.com/talkincode/toughradius/v9/internal/netflow/collector.go:233.27,234.9 1 0
github.com/talkincode/toughradius/v9/internal/netflow/collector.go:237.3,243.65 5 1
github.com/talkincode/toughradius/v9/internal/netflow/collector.go:243.65,252.4 4 1
github.com/talkincode/toughradius/v9/internal/netflow/collector.go:255.3,256.35 2 1
github.com/talkincode/toughradius/v9/internal/netflow/collector.go:256.35,258.4 1 1
github.com/talkincode/toughradius/v9/internal/netflow/collector.go:259.3,260.25 2 1
github.com/talkincode/toughradius/v9/internal/netflow/collector.go:265.76,269.25 3 1
github.com/talkincode/toughradius/v9/internal/netflow/collector.go:269.25,270.27 1 1
github.com/talkincode/toughradius/v9/internal/netflow/collector.go:270.27,271.9 1 0
github.com/talkincode/toughradius/v9/internal/netflow/collector.go:274.3,280.65 5 1
github.com/talkincode/toughradius/v9/internal/netflow/collector.go:280.65,289.4 4 1
github.com/talkincode/toughradius/v9/internal/netflow/collector.go:291.3,291.33 1 1
github.com/talkincode/toughradius/v9/internal/netflow/collector.go:294.2,294.18 1 1
github.com/talkincode/toughradius/v9/internal/netflow/collector.go:302.27,307.32 4 1
github.com/talkincode/toughradius/v9/internal/netflow/collector.go:307.32,310.3 1 1
github.com/talkincode/toughradius/v9/internal/netflow/collector.go:313.2,314.30 2 1
github.com/talkincode/toughradius/v9/internal/netflow/collector.go:314.30,316.8 2 1
github.com/talkincode/toughradius/v9/internal/netflow/collector.go:319.2,319.19 1 1
github.com/talkincode/toughradius/v9/internal/netflow/collector.go:319.19,321.3 1 0
github.com/talkincode/toughradius/v9/internal/netflow/collector.go:323.2,327.25 3 1
github.com/talkincode/toughradius/v9/internal/netflow/collector.go:327.25,335.32 2 1
github.com/talkincode/toughradius/v9/internal/netflow/collector.go:335.32,336.44 1 1
github.com/talkincode/toughradius/v9/internal/netflow/collector.go:336.44,337.10 1 0
github.com/talkincode/toughradius/v9/internal/netflow/collector.go:340.4,343.47 3 1
github.com/talkincode/toughradius/v9/internal/netflow/collector.go:347.3,347.43 1 1
github.com/talkincode/toughradius/v9/internal/netflow/collector.go:347.43,349.4 1 1
github.com/talkincode/toughradius/v9/internal/netflow/collector.go:352.2,352.16 1 1
github.com/talkincode/toughradius/v9/internal/netflow/collector.go:356.93,357.19 1 1
github.com/talkincode/toughradius/v9/internal/netflow/collector.go:358.9,359.21 1 1
github.com/talkincode/toughradius/v9/internal/netflow/collector.go:359.21,361.4 1 1
github.com/talkincode/toughradius/v9/internal/netflow/collector.go:362.10,363.21 1 1
github.com/talkincode/toughradius/v9/internal/netflow/collector.go:363.21,365.4 1 1
github.com/talkincode/toughradius/v9/internal/netflow/collector.go:366.10,366.10 0 0
github.com/talkincode/toughradius/v9/internal/netflow/collector.go:367.10,367.10 0 0
github.com/talkincode/toughradius/v9/internal/netflow/collector.go:368.9,369.21 1 1
github.com/talkincode/toughradius/v9/internal/netflow/collector.go:369.21,371.4 1 1
github.com/talkincode/toughradius/v9/internal/netflow/collector.go:372.9,373.21 1 1
github.com/talkincode/toughradius/v9/internal/netflow/collector.go:373.21,375.4 1 1
github.com/talkincode/toughradius/v9/internal/netflow/collector.go:376.9,377.21 1 1
github.com/talkincode/toughradius/v9/internal/netflow/collector.go:377.21,379.4 1 1
github.com/talkincode/toughradius/v9/internal/netflow/collector.go:380.9,381.21 1 1
github.com/talkincode/toughradius/v9/internal/netflow/collector.go:381.21,383.4 1 1
github.com/talkincode/toughradius/v9/internal/netflow/collector.go:383.9,383.28 1 0
github.com/talkincode/toughradius/v9/internal/netflow/collector.go:383.28,385.4 1 0
github.com/talkincode/toughradius/v9/internal/netflow/collector.go:386.9,387.21 1 1
github.com/talkincode/toughradius/v9/internal/netflow/collector.go:387.21,389.4 1 1
github.com/talkincode/toughradius/v9/internal/netflow/collector.go:389.9,389.28 1 0
github.com/talkincode/toughradius/v9/internal/netflow/collector.go:389.28,391.4 1 0
github.com/talkincode/toughradius/v9/internal/netflow/collector.go:392.9,393.21 1 1
github.com/talkincode/toughradius/v9/internal/netflow/collector.go:393.21,395.4 1 1
github.com/talkincode/toughradius/v9/internal/netflow/collector.go:396.10,397.21 1 1
github.com/talkincode/toughradius/v9/internal/netflow/collector.go:397.21,399.4 1 1
github.com/talkincode/toughradius/v9/internal/netflow/collector.go:400.11,401.21 1 1
github.com/talkincode/toughradius/v9/internal/netflow/collector.go:401.21,403.4 1 1
github.com/talkincode/toughradius/v9/internal/netflow/collector.go:409.57,414.6 3 0
github.com/talkincode/toughradius/v9/internal/netflow/collector.go:414.6,415.10 1 0
github.com/talkincode/toughradius/v9/internal/netflow/collector.go:416.21,417.10 1 0
github.com/talkincode/toughradius/v9/internal/netflow/collector.go:418.21,419.10 1 0
github.com/talkincode/toughradius/v9/internal/netflow/collector.go:420.11,425.18 3 0
github.com/talkincode/toughradius/v9/internal/netflow/collector.go:425.18,426.62 1 0
github.com/talkincode/toughradius/v9/internal/netflow/collector.go:426.62,427.14 1 0
github.com/talkincode/toughradius/v9/internal/netflow/collector.go:429.5,430.13 2 0
github.com/talkincode/toughradius/v9/internal/netflow/collector.go:434.4,437.30 3 0
github.com/talkincode/toughradius/v9/internal/netflow/collector.go:437.30,441.5 1 0
github.com/talkincode/toughradius/v9/internal/netflow/collector.go:443.4,443.11 1 0
github.com/talkincode/toughradius/v9/internal/netflow/collector.go:444.30,444.30 0 0
github.com/talkincode/toughradius/v9/internal/netflow/collector.go:445.12,446.57 1 0
github.com/talkincode/toughradius/v9/internal/netflow/collector.go:453.58,456.6 2 0
github.com/talkincode/toughradius/v9/internal/netflow/collector.go:456.6,457.10 1 0
github.com/talkincode/toughradius/v9/internal/netflow/collector.go:458.21,459.10 1 0
github.com/talkincode/toughradius/v9/internal/netflow/collector.go:460.21,461.10 1 0
github.com/talkincode/toughradius/v9/internal/netflow/collector.go:462.31,463.27 1 0
github.com/talkincode/toughradius/v9/internal/netflow/collector.go:469.54,476.18 5 0
github.com/talkincode/toughradius/v9/internal/netflow/collector.go:476.18,477.22 1 0
github.com/talkincode/toughradius/v9/internal/netflow/collector.go:477.22,479.4 1 0
github.com/talkincode/toughradius/v9/internal/netflow/collector.go:481.3,481.18 1 0
github.com/talkincode/toughradius/v9/internal/netflow/collector.go:481.18,482.52 1 0
github.com/talkincode/toughradius/v9/internal/netflow/collector.go:482.52,486.5 1 0
github.com/talkincode/toughradius/v9/internal/netflow/collector.go:486.10,489.5 1 0
github.com/talkincode/toughradius/v9/internal/netflow/collector.go:492.3,492.20 1 0
github.com/talkincode/toughradius/v9/internal/netflow/collector.go:495.2,495.6 1 0
github.com/talkincode/toughradius/v9/internal/netflow/collector.go:495.6,496.10 1 0
github.com/talkincode/toughradius/v9/internal/netflow/collector.go:497.21,499.10 2 0
github.com/talkincode/toughradius/v9/internal/netflow/collector.go:500.21,502.10 2 0
github.com/talkincode/toughradius/v9/internal/netflow/collector.go:503.30,505.40 2 0
github.com/talkincode/toughradius/v9/internal/netflow/collector.go:505.40,507.5 1 0
github.com/talkincode/toughradius/v9/internal/netflow/collector.go:508.19,509.11 1 0
github.com/talkincode/toughradius/v9/internal/netflow/collector.go:519.37,520.17 1 1
github.com/talkincode/toughradius/v9/internal/netflow/collector.go:520.17,522.3 1 1
github.com/talkincode/toughradius/v9/internal/netflow/collector.go:524.2,528.19 3 0
github.com/talkincode/toughradius/v9/internal/netflow/collector.go:529.14,530.57 1 0
github.com/talkincode/toughradius/v9/internal/netflow/collector.go:531.13,532.56 1 0
github.com/talkincode/toughradius/v9/internal/netflow/collector.go:533.14,534.57 1 0
github.com/talkincode/toughradius/v9/internal/netflow/collector.go:535.15,536.58 1 0
github.com/talkincode/toughradius/v9/internal/netflow/collector.go:537.10,538.56 1 0
github.com/talkincode/toughradius/v9/internal/netflow/collector.go:541.2,559.23 2 0
