mode: set
github.com/talkincode/toughradius/v9/internal/acs/cwmp.go:39.57,45.50 4 1
github.com/talkincode/toughradius/v9/internal/acs/cwmp.go:45.50,47.3 1 1
github.com/talkincode/toughradius/v9/internal/acs/cwmp.go:49.2,49.23 1 1
github.com/talkincode/toughradius/v9/internal/acs/cwmp.go:81.56,83.34 1 1
github.com/talkincode/toughradius/v9/internal/acs/cwmp.go:83.34,88.3 1 1
github.com/talkincode/toughradius/v9/internal/acs/cwmp.go:90.2,91.16 2 1
github.com/talkincode/toughradius/v9/internal/acs/cwmp.go:91.16,93.3 1 0
github.com/talkincode/toughradius/v9/internal/acs/cwmp.go:96.2,101.25 5 1
github.com/talkincode/toughradius/v9/internal/acs/cwmp.go:112.50,113.21 1 1
github.com/talkincode/toughradius/v9/internal/acs/cwmp.go:113.21,115.3 1 1
github.com/talkincode/toughradius/v9/internal/acs/cwmp.go:116.2,116.29 1 1
github.com/talkincode/toughradius/v9/internal/acs/cwmp.go:137.78,149.2 2 1
github.com/talkincode/toughradius/v9/internal/acs/cwmp.go:168.89,180.2 2 1
github.com/talkincode/toughradius/v9/internal/acs/cwmp.go:202.120,215.2 2 1
github.com/talkincode/toughradius/v9/internal/acs/cwmp.go:227.71,239.2 2 1
github.com/talkincode/toughradius/v9/internal/acs/cwmp.go:254.132,272.2 4 1
github.com/talkincode/toughradius/v9/internal/acs/cwmp.go:282.58,285.19 2 1
github.com/talkincode/toughradius/v9/internal/acs/cwmp.go:285.19,287.3 1 1
github.com/talkincode/toughradius/v9/internal/acs/cwmp.go:290.2,296.45 5 1
github.com/talkincode/toughradius/v9/internal/acs/cwmp.go:296.45,297.21 1 1
github.com/talkincode/toughradius/v9/internal/acs/cwmp.go:298.90,299.39 1 1
github.com/talkincode/toughradius/v9/internal/acs/cwmp.go:300.96,301.42 1 1
github.com/talkincode/toughradius/v9/internal/acs/cwmp.go:302.96,303.42 1 1
github.com/talkincode/toughradius/v9/internal/acs/cwmp.go:304.84,305.36 1 1
github.com/talkincode/toughradius/v9/internal/acs/cwmp.go:307.80,308.32 1 1
github.com/talkincode/toughradius/v9/internal/acs/cwmp.go:312.2,312.13 1 1
github.com/talkincode/toughradius/v9/internal/acs/cwmp.go:322.48,323.19 1 1
github.com/talkincode/toughradius/v9/internal/acs/cwmp.go:323.19,325.3 1 1
github.com/talkincode/toughradius/v9/internal/acs/cwmp.go:327.2,328.37 2 1
github.com/talkincode/toughradius/v9/internal/acs/cwmp.go:328.37,330.3 1 1
github.com/talkincode/toughradius/v9/internal/acs/cwmp.go:331.2,331.14 1 1
github.com/talkincode/toughradius/v9/internal/acs/cwmp.go:342.52,343.19 1 1
github.com/talkincode/toughradius/v9/internal/acs/cwmp.go:343.19,345.3 1 1
github.com/talkincode/toughradius/v9/internal/acs/cwmp.go:347.2,347.37 1 1
github.com/talkincode/toughradius/v9/internal/acs/cwmp.go:347.37,348.30 1 1
github.com/talkincode/toughradius/v9/internal/acs/cwmp.go:348.30,350.4 1 1
github.com/talkincode/toughradius/v9/internal/acs/cwmp.go:352.2,352.14 1 1
github.com/talkincode/toughradius/v9/internal/acs/cwmp.go:356.39,358.2 1 1
github.com/talkincode/toughradius/v9/internal/acs/cwmp.go:361.43,363.2 1 1
github.com/talkincode/toughradius/v9/internal/acs/cwmp.go:366.46,368.2 1 1
github.com/talkincode/toughradius/v9/internal/acs/cwmp.go:375.33,379.2 1 1
github.com/talkincode/toughradius/v9/internal/acs/cwmp.go:389.60,390.19 1 1
github.com/talkincode/toughradius/v9/internal/acs/cwmp.go:390.19,392.3 1 1
github.com/talkincode/toughradius/v9/internal/acs/cwmp.go:394.2,394.45 1 1
github.com/talkincode/toughradius/v9/internal/acs/cwmp.go:394.45,395.25 1 1
github.com/talkincode/toughradius/v9/internal/acs/cwmp.go:395.25,397.4 1 1
github.com/talkincode/toughradius/v9/internal/acs/cwmp.go:399.2,399.11 1 1
github.com/talkincode/toughradius/v9/internal/acs/cwmp.go:413.114,414.24 1 1
github.com/talkincode/toughradius/v9/internal/acs/cwmp.go:414.24,416.3 1 1
github.com/talkincode/toughradius/v9/internal/acs/cwmp.go:417.2,417.24 1 1
github.com/talkincode/toughradius/v9/internal/acs/cwmp.go:417.24,419.3 1 1
github.com/talkincode/toughradius/v9/internal/acs/cwmp.go:421.2,432.3 1 1
github.com/talkincode/toughradius/v9/internal/acs/cwmp.go:445.96,446.19 1 1
github.com/talkincode/toughradius/v9/internal/acs/cwmp.go:446.19,448.3 1 1
github.com/talkincode/toughradius/v9/internal/acs/cwmp.go:450.2,463.3 2 1
github.com/talkincode/toughradius/v9/internal/acs/provision.go:27.79,29.32 1 0
github.com/talkincode/toughradius/v9/internal/acs/provision.go:29.32,31.3 1 0
github.com/talkincode/toughradius/v9/internal/acs/provision.go:32.2,32.33 1 0
github.com/talkincode/toughradius/v9/internal/acs/provision.go:32.33,34.3 1 0
github.com/talkincode/toughradius/v9/internal/acs/provision.go:36.2,39.3 1 0
github.com/talkincode/toughradius/v9/internal/acs/provision.go:69.89,71.29 1 0
github.com/talkincode/toughradius/v9/internal/acs/provision.go:71.29,76.3 1 0
github.com/talkincode/toughradius/v9/internal/acs/provision.go:79.2,79.76 1 0
github.com/talkincode/toughradius/v9/internal/acs/provision.go:79.76,82.3 1 0
github.com/talkincode/toughradius/v9/internal/acs/provision.go:85.2,86.16 2 0
github.com/talkincode/toughradius/v9/internal/acs/provision.go:86.16,92.3 2 0
github.com/talkincode/toughradius/v9/internal/acs/provision.go:95.2,96.16 2 0
github.com/talkincode/toughradius/v9/internal/acs/provision.go:96.16,104.3 2 0
github.com/talkincode/toughradius/v9/internal/acs/provision.go:107.2,107.98 1 0
github.com/talkincode/toughradius/v9/internal/acs/provision.go:107.98,115.3 1 0
github.com/talkincode/toughradius/v9/internal/acs/provision.go:118.2,126.3 2 0
github.com/talkincode/toughradius/v9/internal/acs/provision.go:138.91,141.22 2 0
github.com/talkincode/toughradius/v9/internal/acs/provision.go:141.22,143.3 1 0
github.com/talkincode/toughradius/v9/internal/acs/provision.go:145.2,146.16 2 0
github.com/talkincode/toughradius/v9/internal/acs/provision.go:146.16,148.3 1 0
github.com/talkincode/toughradius/v9/internal/acs/provision.go:150.2,154.16 3 0
github.com/talkincode/toughradius/v9/internal/acs/provision.go:154.16,156.3 1 0
github.com/talkincode/toughradius/v9/internal/acs/provision.go:158.2,158.32 1 0
github.com/talkincode/toughradius/v9/internal/acs/provision.go:171.114,174.35 2 0
github.com/talkincode/toughradius/v9/internal/acs/provision.go:174.35,177.17 3 0
github.com/talkincode/toughradius/v9/internal/acs/provision.go:177.17,180.4 1 0
github.com/talkincode/toughradius/v9/internal/acs/provision.go:184.2,193.20 2 0
github.com/talkincode/toughradius/v9/internal/acs/provision.go:193.20,201.3 7 0
github.com/talkincode/toughradius/v9/internal/acs/provision.go:204.2,205.16 2 0
github.com/talkincode/toughradius/v9/internal/acs/provision.go:205.16,207.3 1 0
github.com/talkincode/toughradius/v9/internal/acs/provision.go:209.2,209.25 1 0
github.com/talkincode/toughradius/v9/internal/acs/provision.go:213.98,220.2 1 0
github.com/talkincode/toughradius/v9/internal/acs/provision.go:223.77,224.32 1 0
github.com/talkincode/toughradius/v9/internal/acs/provision.go:224.32,229.3 1 0
github.com/talkincode/toughradius/v9/internal/acs/provision.go:231.2,232.16 2 0
github.com/talkincode/toughradius/v9/internal/acs/provision.go:232.16,237.3 1 0
github.com/talkincode/toughradius/v9/internal/acs/provision.go:239.2,247.3 2 0
github.com/talkincode/toughradius/v9/internal/acs/provision.go:251.88,253.2 1 0
github.com/talkincode/toughradius/v9/internal/acs/provision.go:263.55,265.44 2 0
github.com/talkincode/toughradius/v9/internal/acs/provision.go:265.44,267.3 1 0
github.com/talkincode/toughradius/v9/internal/acs/provision.go:268.2,268.48 1 0
github.com/talkincode/toughradius/v9/internal/acs/provision.go:282.107,288.53 3 0
github.com/talkincode/toughradius/v9/internal/acs/provision.go:288.53,290.3 1 0
github.com/talkincode/toughradius/v9/internal/acs/provision.go:292.2,295.19 2 0
github.com/talkincode/toughradius/v9/internal/acs/provision.go:295.19,310.17 3 0
github.com/talkincode/toughradius/v9/internal/acs/provision.go:310.17,312.4 1 0
github.com/talkincode/toughradius/v9/internal/acs/provision.go:313.8,318.67 2 0
github.com/talkincode/toughradius/v9/internal/acs/provision.go:318.67,320.4 1 0
github.com/talkincode/toughradius/v9/internal/acs/provision.go:321.3,321.27 1 0
github.com/talkincode/toughradius/v9/internal/acs/provision.go:325.2,328.55 2 0
github.com/talkincode/toughradius/v9/internal/acs/provision.go:328.55,332.26 3 0
github.com/talkincode/toughradius/v9/internal/acs/provision.go:332.26,334.4 1 0
github.com/talkincode/toughradius/v9/internal/acs/provision.go:335.8,335.73 1 0
github.com/talkincode/toughradius/v9/internal/acs/provision.go:335.73,339.26 3 0
github.com/talkincode/toughradius/v9/internal/acs/provision.go:339.26,341.4 1 0
github.com/talkincode/toughradius/v9/internal/acs/provision.go:344.2,344.37 1 0
github.com/talkincode/toughradius/v9/internal/acs/provision.go:348.52,357.29 2 0
github.com/talkincode/toughradius/v9/internal/acs/provision.go:357.29,358.56 1 0
github.com/talkincode/toughradius/v9/internal/acs/provision.go:358.56,360.4 1 0
github.com/talkincode/toughradius/v9/internal/acs/provision.go:363.2,363.11 1 0
github.com/talkincode/toughradius/v9/internal/acs/provision.go:367.31,369.2 1 0
github.com/talkincode/toughradius/v9/internal/acs/provision.go:381.114,383.16 2 0
github.com/talkincode/toughradius/v9/internal/acs/provision.go:383.16,385.3 1 0
github.com/talkincode/toughradius/v9/internal/acs/provision.go:388.2,388.38 1 0
github.com/talkincode/toughradius/v9/internal/acs/provision.go:388.38,391.17 3 0
github.com/talkincode/toughradius/v9/internal/acs/provision.go:391.17,393.4 1 0
github.com/talkincode/toughradius/v9/internal/acs/provision.go:397.2,398.21 2 0
github.com/talkincode/toughradius/v9/internal/acs/provision.go:398.21,400.3 1 0
github.com/talkincode/toughradius/v9/internal/acs/provision.go:403.2,404.16 2 0
github.com/talkincode/toughradius/v9/internal/acs/provision.go:404.16,407.3 2 0
github.com/talkincode/toughradius/v9/internal/acs/provision.go:410.2,410.98 1 0
github.com/talkincode/toughradius/v9/internal/acs/provision.go:410.98,412.3 1 0
github.com/talkincode/toughradius/v9/internal/acs/provision.go:415.2,423.8 2 0
github.com/talkincode/toughradius/v9/internal/acs/provision.go:435.83,437.16 2 0
github.com/talkincode/toughradius/v9/internal/acs/provision.go:437.16,439.3 1 0
github.com/talkincode/toughradius/v9/internal/acs/provision.go:442.2,442.32 1 0
github.com/talkincode/toughradius/v9/internal/acs/provision.go:442.33,445.3 0 0
github.com/talkincode/toughradius/v9/internal/acs/provision.go:448.2,449.16 2 0
github.com/talkincode/toughradius/v9/internal/acs/provision.go:449.16,451.3 1 0
github.com/talkincode/toughradius/v9/internal/acs/provision.go:454.2,455.16 2 0
github.com/talkincode/toughradius/v9/internal/acs/provision.go:455.16,457.3 1 0
github.com/talkincode/toughradius/v9/internal/acs/provision.go:460.2,460.98 1 0
github.com/talkincode/toughradius/v9/internal/acs/provision.go:460.98,462.3 1 0
github.com/talkincode/toughradius/v9/internal/acs/provision.go:465.2,473.8 2 0
github.com/talkincode/toughradius/v9/internal/acs/repository.go:25.45,27.2 1 0
github.com/talkincode/toughradius/v9/internal/acs/repository.go:30.39,32.2 1 0
github.com/talkincode/toughradius/v9/internal/acs/repository.go:39.42,41.2 1 0
github.com/talkincode/toughradius/v9/internal/acs/repository.go:52.74,55.49 2 0
github.com/talkincode/toughradius/v9/internal/acs/repository.go:55.49,57.3 1 0
github.com/talkincode/toughradius/v9/internal/acs/repository.go:58.2,58.21 1 0
github.com/talkincode/toughradius/v9/internal/acs/repository.go:58.21,60.3 1 0
github.com/talkincode/toughradius/v9/internal/acs/repository.go:63.2,63.50 1 0
github.com/talkincode/toughradius/v9/internal/acs/repository.go:63.50,65.3 1 0
github.com/talkincode/toughradius/v9/internal/acs/repository.go:66.2,66.20 1 0
github.com/talkincode/toughradius/v9/internal/acs/repository.go:77.66,80.16 3 0
github.com/talkincode/toughradius/v9/internal/acs/repository.go:80.16,82.3 1 0
github.com/talkincode/toughradius/v9/internal/acs/repository.go:83.2,83.21 1 0
github.com/talkincode/toughradius/v9/internal/acs/repository.go:94.87,97.16 3 0
github.com/talkincode/toughradius/v9/internal/acs/repository.go:97.16,99.3 1 0
github.com/talkincode/toughradius/v9/internal/acs/repository.go:100.2,100.21 1 0
github.com/talkincode/toughradius/v9/internal/acs/repository.go:112.92,115.16 3 0
github.com/talkincode/toughradius/v9/internal/acs/repository.go:115.16,117.3 1 0
github.com/talkincode/toughradius/v9/internal/acs/repository.go:118.2,118.21 1 0
github.com/talkincode/toughradius/v9/internal/acs/repository.go:128.60,130.2 1 0
github.com/talkincode/toughradius/v9/internal/acs/repository.go:139.51,141.2 1 0
github.com/talkincode/toughradius/v9/internal/acs/repository.go:153.90,157.18 3 0
github.com/talkincode/toughradius/v9/internal/acs/repository.go:157.18,159.3 1 0
github.com/talkincode/toughradius/v9/internal/acs/repository.go:161.2,161.15 1 0
github.com/talkincode/toughradius/v9/internal/acs/repository.go:161.15,163.3 1 0
github.com/talkincode/toughradius/v9/internal/acs/repository.go:164.2,164.16 1 0
github.com/talkincode/toughradius/v9/internal/acs/repository.go:164.16,166.3 1 0
github.com/talkincode/toughradius/v9/internal/acs/repository.go:168.2,169.21 2 0
github.com/talkincode/toughradius/v9/internal/acs/repository.go:177.77,183.2 3 0
github.com/talkincode/toughradius/v9/internal/acs/repository.go:194.95,200.39 2 0
github.com/talkincode/toughradius/v9/internal/acs/repository.go:200.39,203.3 2 0
github.com/talkincode/toughradius/v9/internal/acs/repository.go:205.2,205.20 1 0
github.com/talkincode/toughradius/v9/internal/acs/repository.go:205.20,207.3 1 0
github.com/talkincode/toughradius/v9/internal/acs/repository.go:209.2,209.76 1 0
github.com/talkincode/toughradius/v9/internal/acs/repository.go:220.72,227.2 2 0
github.com/talkincode/toughradius/v9/internal/acs/repository.go:239.116,249.2 2 0
github.com/talkincode/toughradius/v9/internal/acs/repository.go:260.92,261.48 1 0
github.com/talkincode/toughradius/v9/internal/acs/repository.go:261.48,263.3 1 0
github.com/talkincode/toughradius/v9/internal/acs/repository.go:264.2,264.18 1 0
github.com/talkincode/toughradius/v9/internal/acs/repository.go:275.91,278.16 3 0
github.com/talkincode/toughradius/v9/internal/acs/repository.go:278.16,280.3 1 0
github.com/talkincode/toughradius/v9/internal/acs/repository.go:281.2,281.19 1 0
github.com/talkincode/toughradius/v9/internal/acs/repository.go:292.84,295.16 3 0
github.com/talkincode/toughradius/v9/internal/acs/repository.go:295.16,297.3 1 0
github.com/talkincode/toughradius/v9/internal/acs/repository.go:298.2,298.22 1 0
github.com/talkincode/toughradius/v9/internal/acs/repository.go:309.79,312.18 3 0
github.com/talkincode/toughradius/v9/internal/acs/repository.go:312.18,314.3 1 0
github.com/talkincode/toughradius/v9/internal/acs/repository.go:315.2,316.19 2 0
github.com/talkincode/toughradius/v9/internal/acs/repository.go:328.96,330.16 2 0
github.com/talkincode/toughradius/v9/internal/acs/repository.go:330.16,332.3 1 0
github.com/talkincode/toughradius/v9/internal/acs/repository.go:334.2,334.32 1 0
github.com/talkincode/toughradius/v9/internal/acs/repository.go:334.32,336.3 1 0
github.com/talkincode/toughradius/v9/internal/acs/repository.go:338.2,339.16 2 0
github.com/talkincode/toughradius/v9/internal/acs/repository.go:339.16,341.3 1 0
github.com/talkincode/toughradius/v9/internal/acs/repository.go:343.2,343.26 1 0
github.com/talkincode/toughradius/v9/internal/acs/repository.go:347.78,350.16 3 0
github.com/talkincode/toughradius/v9/internal/acs/repository.go:350.16,352.3 1 0
github.com/talkincode/toughradius/v9/internal/acs/repository.go:353.2,353.19 1 0
github.com/talkincode/toughradius/v9/internal/acs/repository.go:365.83,374.15 4 0
github.com/talkincode/toughradius/v9/internal/acs/repository.go:374.15,376.3 1 0
github.com/talkincode/toughradius/v9/internal/acs/repository.go:378.2,379.21 2 0
github.com/talkincode/toughradius/v9/internal/acs/server.go:34.92,44.2 3 0
github.com/talkincode/toughradius/v9/internal/acs/server.go:47.35,58.2 5 0
github.com/talkincode/toughradius/v9/internal/acs/server.go:61.68,63.2 1 0
github.com/talkincode/toughradius/v9/internal/acs/server.go:67.32,69.16 2 0
github.com/talkincode/toughradius/v9/internal/acs/server.go:69.16,71.3 1 0
github.com/talkincode/toughradius/v9/internal/acs/server.go:73.2,81.38 2 0
github.com/talkincode/toughradius/v9/internal/acs/server.go:85.59,87.16 2 0
github.com/talkincode/toughradius/v9/internal/acs/server.go:87.16,89.3 1 0
github.com/talkincode/toughradius/v9/internal/acs/server.go:91.2,99.58 2 0
github.com/talkincode/toughradius/v9/internal/acs/server.go:103.54,104.25 1 0
github.com/talkincode/toughradius/v9/internal/acs/server.go:104.25,106.3 1 0
github.com/talkincode/toughradius/v9/internal/acs/server.go:107.2,107.12 1 0
github.com/talkincode/toughradius/v9/internal/acs/server.go:112.68,114.29 1 0
github.com/talkincode/toughradius/v9/internal/acs/server.go:114.29,115.32 1 0
github.com/talkincode/toughradius/v9/internal/acs/server.go:115.32,119.4 3 0
github.com/talkincode/toughradius/v9/internal/acs/server.go:123.2,124.16 2 0
github.com/talkincode/toughradius/v9/internal/acs/server.go:124.16,127.3 2 0
github.com/talkincode/toughradius/v9/internal/acs/server.go:130.2,131.16 2 0
github.com/talkincode/toughradius/v9/internal/acs/server.go:131.16,134.3 2 0
github.com/talkincode/toughradius/v9/internal/acs/server.go:137.2,137.33 1 0
github.com/talkincode/toughradius/v9/internal/acs/server.go:137.33,139.3 1 0
github.com/talkincode/toughradius/v9/internal/acs/server.go:139.8,139.52 1 0
github.com/talkincode/toughradius/v9/internal/acs/server.go:139.52,141.3 1 0
github.com/talkincode/toughradius/v9/internal/acs/server.go:141.8,141.52 1 0
github.com/talkincode/toughradius/v9/internal/acs/server.go:141.52,143.3 1 0
github.com/talkincode/toughradius/v9/internal/acs/server.go:143.8,143.40 1 0
github.com/talkincode/toughradius/v9/internal/acs/server.go:143.40,145.3 1 0
github.com/talkincode/toughradius/v9/internal/acs/server.go:145.8,148.3 1 0
github.com/talkincode/toughradius/v9/internal/acs/server.go:152.60,154.16 2 0
github.com/talkincode/toughradius/v9/internal/acs/server.go:154.16,156.3 1 0
github.com/talkincode/toughradius/v9/internal/acs/server.go:159.2,159.40 1 0
github.com/talkincode/toughradius/v9/internal/acs/server.go:159.40,161.3 1 0
github.com/talkincode/toughradius/v9/internal/acs/server.go:163.2,165.16 3 0
github.com/talkincode/toughradius/v9/internal/acs/server.go:165.16,167.3 1 0
github.com/talkincode/toughradius/v9/internal/acs/server.go:169.2,170.27 2 0
github.com/talkincode/toughradius/v9/internal/acs/server.go:170.27,172.3 1 0
github.com/talkincode/toughradius/v9/internal/acs/server.go:174.2,175.71 2 0
github.com/talkincode/toughradius/v9/internal/acs/server.go:179.87,182.67 2 0
github.com/talkincode/toughradius/v9/internal/acs/server.go:182.67,184.3 1 0
github.com/talkincode/toughradius/v9/internal/acs/server.go:187.2,188.16 2 0
github.com/talkincode/toughradius/v9/internal/acs/server.go:188.16,191.3 2 0
github.com/talkincode/toughradius/v9/internal/acs/server.go:193.2,197.37 3 0
github.com/talkincode/toughradius/v9/internal/acs/server.go:197.37,199.3 1 0
github.com/talkincode/toughradius/v9/internal/acs/server.go:199.8,201.3 1 0
github.com/talkincode/toughradius/v9/internal/acs/server.go:204.2,206.98 2 0
github.com/talkincode/toughradius/v9/internal/acs/server.go:206.98,209.17 2 0
github.com/talkincode/toughradius/v9/internal/acs/server.go:209.17,212.4 2 0
github.com/talkincode/toughradius/v9/internal/acs/server.go:213.3,213.28 1 0
github.com/talkincode/toughradius/v9/internal/acs/server.go:214.8,217.17 2 0
github.com/talkincode/toughradius/v9/internal/acs/server.go:217.17,220.4 2 0
github.com/talkincode/toughradius/v9/internal/acs/server.go:224.2,225.22 2 0
github.com/talkincode/toughradius/v9/internal/acs/server.go:229.90,239.16 2 0
github.com/talkincode/toughradius/v9/internal/acs/server.go:239.16,242.3 2 0
github.com/talkincode/toughradius/v9/internal/acs/server.go:244.2,245.22 2 0
github.com/talkincode/toughradius/v9/internal/acs/server.go:249.90,259.16 2 0
github.com/talkincode/toughradius/v9/internal/acs/server.go:259.16,262.3 2 0
github.com/talkincode/toughradius/v9/internal/acs/server.go:264.2,265.22 2 0
github.com/talkincode/toughradius/v9/internal/acs/server.go:269.78,277.16 2 0
github.com/talkincode/toughradius/v9/internal/acs/server.go:277.16,280.3 2 0
github.com/talkincode/toughradius/v9/internal/acs/server.go:282.2,283.22 2 0
github.com/talkincode/toughradius/v9/internal/acs/server.go:287.82,291.2 3 0
github.com/talkincode/toughradius/v9/internal/acs/server.go:294.71,297.2 2 0
github.com/talkincode/toughradius/v9/internal/acs/server.go:300.70,301.32 1 0
github.com/talkincode/toughradius/v9/internal/acs/server.go:301.32,304.3 2 0
github.com/talkincode/toughradius/v9/internal/acs/server.go:306.2,307.16 2 0
github.com/talkincode/toughradius/v9/internal/acs/server.go:307.16,310.3 2 0
github.com/talkincode/toughradius/v9/internal/acs/server.go:312.2,316.4 2 0
github.com/talkincode/toughradius/v9/internal/acs/server.go:320.71,323.16 2 0
github.com/talkincode/toughradius/v9/internal/acs/server.go:323.16,326.3 2 0
github.com/talkincode/toughradius/v9/internal/acs/server.go:328.2,331.18 3 0
github.com/talkincode/toughradius/v9/internal/acs/server.go:332.22,334.17 2 0
github.com/talkincode/toughradius/v9/internal/acs/server.go:334.17,337.4 2 0
github.com/talkincode/toughradius/v9/internal/acs/server.go:338.3,339.36 2 0
github.com/talkincode/toughradius/v9/internal/acs/server.go:341.25,342.61 1 0
github.com/talkincode/toughradius/v9/internal/acs/server.go:342.61,345.4 2 0
github.com/talkincode/toughradius/v9/internal/acs/server.go:346.3,346.38 1 0
github.com/talkincode/toughradius/v9/internal/acs/server.go:348.23,351.28 2 0
github.com/talkincode/toughradius/v9/internal/acs/server.go:351.28,353.4 1 0
github.com/talkincode/toughradius/v9/internal/acs/server.go:353.9,353.37 1 0
github.com/talkincode/toughradius/v9/internal/acs/server.go:353.37,355.4 1 0
github.com/talkincode/toughradius/v9/internal/acs/server.go:355.9,357.4 1 0
github.com/talkincode/toughradius/v9/internal/acs/server.go:359.10,360.67 1 0
github.com/talkincode/toughradius/v9/internal/acs/server.go:365.90,367.16 2 0
github.com/talkincode/toughradius/v9/internal/acs/server.go:367.16,370.3 2 0
github.com/talkincode/toughradius/v9/internal/acs/server.go:372.2,376.4 2 0
github.com/talkincode/toughradius/v9/internal/acs/server.go:380.92,382.16 2 0
github.com/talkincode/toughradius/v9/internal/acs/server.go:382.16,385.3 2 0
github.com/talkincode/toughradius/v9/internal/acs/server.go:387.2,391.4 2 0
github.com/talkincode/toughradius/v9/internal/acs/server.go:395.67,406.2 5 0
github.com/talkincode/toughradius/v9/internal/acs/types.go:363.37,365.2 1 0
github.com/talkincode/toughradius/v9/internal/acs/types.go:368.42,370.2 1 1
github.com/talkincode/toughradius/v9/internal/acs/types.go:373.46,375.2 1 1
github.com/talkincode/toughradius/v9/internal/acs/types.go:400.53,408.2 1 1
github.com/talkincode/toughradius/v9/internal/acs/types.go:431.35,437.2 1 1
